========== fold: 0 training ==========
========== fold: 0 training ==========
Epoch 1 - avg_train_loss: 0.2756  avg_val_loss: 0.2241  time: 2842s
Epoch 1 - Score: 0.8106
Epoch 1 - Save Best Score: 0.8106 Model
Epoch 1 - Save Best Loss: 0.2241 Model
Epoch 2 - avg_train_loss: 0.2262  avg_val_loss: 0.2131  time: 2838s
Epoch 2 - Score: 0.8259
Epoch 2 - Save Best Score: 0.8259 Model
Epoch 2 - Save Best Loss: 0.2131 Model
Epoch 3 - avg_train_loss: 0.2093  avg_val_loss: 0.2071  time: 2848s
Epoch 3 - Score: 0.8255
Epoch 3 - Save Best Loss: 0.2071 Model
Epoch 4 - avg_train_loss: 0.1998  avg_val_loss: 0.1936  time: 2836s
Epoch 4 - Score: 0.8370
Epoch 4 - Save Best Score: 0.8370 Model
Epoch 4 - Save Best Loss: 0.1936 Model
Epoch 5 - avg_train_loss: 0.1905  avg_val_loss: 0.1849  time: 2846s
Epoch 5 - Score: 0.8505
Epoch 5 - Save Best Score: 0.8505 Model
Epoch 5 - Save Best Loss: 0.1849 Model
Epoch 6 - avg_train_loss: 0.1845  avg_val_loss: 0.2025  time: 2846s
Epoch 6 - Score: 0.8396
Epoch 7 - avg_train_loss: 0.1776  avg_val_loss: 0.1831  time: 2845s
Epoch 7 - Score: 0.8599
Epoch 7 - Save Best Score: 0.8599 Model
Epoch 7 - Save Best Loss: 0.1831 Model
Epoch 8 - avg_train_loss: 0.1716  avg_val_loss: 0.1758  time: 2858s
Epoch 8 - Score: 0.8675
Epoch 8 - Save Best Score: 0.8675 Model
Epoch 8 - Save Best Loss: 0.1758 Model
Epoch 9 - avg_train_loss: 0.1669  avg_val_loss: 0.1744  time: 2932s
Epoch 9 - Score: 0.8687
Epoch 9 - Save Best Score: 0.8687 Model
Epoch 9 - Save Best Loss: 0.1744 Model
Epoch 10 - avg_train_loss: 0.1616  avg_val_loss: 0.1693  time: 2931s
Epoch 10 - Score: 0.8725
Epoch 10 - Save Best Score: 0.8725 Model
Epoch 10 - Save Best Loss: 0.1693 Model
Epoch 11 - avg_train_loss: 0.1598  avg_val_loss: 0.1680  time: 2936s
Epoch 11 - Score: 0.8737
Epoch 11 - Save Best Score: 0.8737 Model
Epoch 11 - Save Best Loss: 0.1680 Model
Epoch 12 - avg_train_loss: 0.1580  avg_val_loss: 0.1685  time: 2938s
Epoch 12 - Score: 0.8723
Epoch 13 - avg_train_loss: 0.1589  avg_val_loss: 0.1675  time: 2850s
Epoch 13 - Score: 0.8733
Epoch 13 - Save Best Loss: 0.1675 Model
Epoch 14 - avg_train_loss: 0.1581  avg_val_loss: 0.1679  time: 2842s
Epoch 14 - Score: 0.8720
Epoch 15 - avg_train_loss: 0.1565  avg_val_loss: 0.1673  time: 2838s
Epoch 15 - Score: 0.8740
Epoch 15 - Save Best Score: 0.8740 Model
Epoch 15 - Save Best Loss: 0.1673 Model
Epoch 16 - avg_train_loss: 0.1554  avg_val_loss: 0.1675  time: 2832s
Epoch 16 - Score: 0.8736
Epoch 17 - avg_train_loss: 0.1545  avg_val_loss: 0.1688  time: 2832s
Epoch 17 - Score: 0.8730
Epoch 18 - avg_train_loss: 0.1557  avg_val_loss: 0.1676  time: 2830s
Epoch 18 - Score: 0.8724
Epoch 19 - avg_train_loss: 0.1530  avg_val_loss: 0.1699  time: 2831s
Epoch 19 - Score: 0.8737
Epoch 20 - avg_train_loss: 0.1525  avg_val_loss: 0.1684  time: 2829s
Epoch 20 - Score: 0.8753
Epoch 20 - Save Best Score: 0.8753 Model
Epoch 21 - avg_train_loss: 0.1529  avg_val_loss: 0.1672  time: 2832s
Epoch 21 - Score: 0.8730
Epoch 21 - Save Best Loss: 0.1672 Model
Epoch 22 - avg_train_loss: 0.1520  avg_val_loss: 0.1670  time: 2830s
Epoch 22 - Score: 0.8741
Epoch 22 - Save Best Loss: 0.1670 Model
Epoch 23 - avg_train_loss: 0.1514  avg_val_loss: 0.1679  time: 2831s
Epoch 23 - Score: 0.8733
Epoch 24 - avg_train_loss: 0.1508  avg_val_loss: 0.1682  time: 2831s
Epoch 24 - Score: 0.8724
Epoch 25 - avg_train_loss: 0.1508  avg_val_loss: 0.1686  time: 2829s
Epoch 25 - Score: 0.8720
========== fold: 0 result ==========
Score: 0.8741
========== fold: 1 training ==========
Epoch 1 - avg_train_loss: 0.3127  avg_val_loss: 0.3351  time: 2831s
Epoch 1 - Score: 0.7711
Epoch 1 - Save Best Score: 0.7711 Model
Epoch 1 - Save Best Loss: 0.3351 Model
Epoch 2 - avg_train_loss: 0.2423  avg_val_loss: 0.2277  time: 2830s
Epoch 2 - Score: 0.8048
Epoch 2 - Save Best Score: 0.8048 Model
Epoch 2 - Save Best Loss: 0.2277 Model
Epoch 3 - avg_train_loss: 0.2200  avg_val_loss: 0.2058  time: 2832s
Epoch 3 - Score: 0.8168
Epoch 3 - Save Best Score: 0.8168 Model
Epoch 3 - Save Best Loss: 0.2058 Model
Epoch 4 - avg_train_loss: 0.2080  avg_val_loss: 0.1912  time: 2830s
Epoch 4 - Score: 0.8492
Epoch 4 - Save Best Score: 0.8492 Model
Epoch 4 - Save Best Loss: 0.1912 Model
Epoch 5 - avg_train_loss: 0.1972  avg_val_loss: 0.1903  time: 2830s
Epoch 5 - Score: 0.8519
Epoch 5 - Save Best Score: 0.8519 Model
Epoch 5 - Save Best Loss: 0.1903 Model
Epoch 6 - avg_train_loss: 0.1904  avg_val_loss: 0.1857  time: 2831s
Epoch 6 - Score: 0.8589
Epoch 6 - Save Best Score: 0.8589 Model
Epoch 6 - Save Best Loss: 0.1857 Model
Epoch 7 - avg_train_loss: 0.1824  avg_val_loss: 0.1756  time: 2829s
Epoch 7 - Score: 0.8626
Epoch 7 - Save Best Score: 0.8626 Model
Epoch 7 - Save Best Loss: 0.1756 Model
Epoch 8 - avg_train_loss: 0.1750  avg_val_loss: 0.1710  time: 2831s
Epoch 8 - Score: 0.8707
Epoch 8 - Save Best Score: 0.8707 Model
Epoch 8 - Save Best Loss: 0.1710 Model
Epoch 9 - avg_train_loss: 0.1709  avg_val_loss: 0.1681  time: 2830s
Epoch 9 - Score: 0.8705
Epoch 9 - Save Best Loss: 0.1681 Model
Epoch 10 - avg_train_loss: 0.1663  avg_val_loss: 0.1678  time: 2832s
Epoch 10 - Score: 0.8728
Epoch 10 - Save Best Score: 0.8728 Model
Epoch 10 - Save Best Loss: 0.1678 Model
Epoch 11 - avg_train_loss: 0.1653  avg_val_loss: 0.1658  time: 2830s
Epoch 11 - Score: 0.8754
Epoch 11 - Save Best Score: 0.8754 Model
Epoch 11 - Save Best Loss: 0.1658 Model
Epoch 12 - avg_train_loss: 0.1642  avg_val_loss: 0.1667  time: 2831s
Epoch 12 - Score: 0.8741
Epoch 13 - avg_train_loss: 0.1642  avg_val_loss: 0.1658  time: 2833s
Epoch 13 - Score: 0.8756
Epoch 13 - Save Best Score: 0.8756 Model
Epoch 14 - avg_train_loss: 0.1617  avg_val_loss: 0.1674  time: 2837s
Epoch 14 - Score: 0.8746
Epoch 15 - avg_train_loss: 0.1627  avg_val_loss: 0.1647  time: 2843s
Epoch 15 - Score: 0.8743
Epoch 15 - Save Best Loss: 0.1647 Model
Epoch 16 - avg_train_loss: 0.1614  avg_val_loss: 0.1652  time: 2834s
Epoch 16 - Score: 0.8757
Epoch 16 - Save Best Score: 0.8757 Model
Epoch 17 - avg_train_loss: 0.1596  avg_val_loss: 0.1663  time: 2832s
Epoch 17 - Score: 0.8744
Epoch 18 - avg_train_loss: 0.1607  avg_val_loss: 0.1682  time: 2837s
Epoch 18 - Score: 0.8734
Epoch 19 - avg_train_loss: 0.1590  avg_val_loss: 0.1664  time: 2836s
Epoch 19 - Score: 0.8753
Epoch 20 - avg_train_loss: 0.1599  avg_val_loss: 0.1676  time: 2840s
Epoch 20 - Score: 0.8755
Epoch 21 - avg_train_loss: 0.1585  avg_val_loss: 0.1649  time: 2831s
Epoch 21 - Score: 0.8747
Epoch 22 - avg_train_loss: 0.1573  avg_val_loss: 0.1671  time: 2835s
Epoch 22 - Score: 0.8744
Epoch 23 - avg_train_loss: 0.1583  avg_val_loss: 0.1660  time: 2834s
Epoch 23 - Score: 0.8745
Epoch 24 - avg_train_loss: 0.1571  avg_val_loss: 0.1654  time: 2834s
Epoch 24 - Score: 0.8741
Epoch 25 - avg_train_loss: 0.1558  avg_val_loss: 0.1656  time: 2834s
Epoch 25 - Score: 0.8737
========== fold: 1 result ==========
Score: 0.8743
========== fold: 2 training ==========
Epoch 1 - avg_train_loss: 0.3321  avg_val_loss: 0.3260  time: 2832s
Epoch 1 - Score: 0.5063
Epoch 1 - Save Best Score: 0.5063 Model
Epoch 1 - Save Best Loss: 0.3260 Model
Epoch 2 - avg_train_loss: 0.3287  avg_val_loss: 0.3261  time: 2834s
Epoch 2 - Score: 0.5051
Epoch 3 - avg_train_loss: 0.3284  avg_val_loss: 0.3265  time: 2833s
Epoch 3 - Score: 0.4894
Epoch 4 - avg_train_loss: 0.3268  avg_val_loss: 0.3309  time: 2834s
Epoch 4 - Score: 0.4932
Epoch 5 - avg_train_loss: 0.3267  avg_val_loss: 0.3262  time: 2845s
Epoch 5 - Score: 0.5068
Epoch 5 - Save Best Score: 0.5068 Model
Epoch 6 - avg_train_loss: 0.3265  avg_val_loss: 0.3258  time: 2843s
Epoch 6 - Score: 0.5091
Epoch 6 - Save Best Score: 0.5091 Model
Epoch 6 - Save Best Loss: 0.3258 Model
Epoch 7 - avg_train_loss: 0.3260  avg_val_loss: 0.3290  time: 2845s
Epoch 7 - Score: 0.5031
Epoch 8 - avg_train_loss: 0.3259  avg_val_loss: 0.3271  time: 2836s
Epoch 8 - Score: 0.4925
Epoch 9 - avg_train_loss: 0.3258  avg_val_loss: 0.3251  time: 2843s
Epoch 9 - Score: 0.4994
Epoch 9 - Save Best Loss: 0.3251 Model
Epoch 10 - avg_train_loss: 0.3259  avg_val_loss: 0.3251  time: 2840s
Epoch 10 - Score: 0.5007
Epoch 10 - Save Best Loss: 0.3251 Model
Epoch 11 - avg_train_loss: 0.3255  avg_val_loss: 0.3252  time: 2848s
Epoch 11 - Score: 0.4962
Epoch 12 - avg_train_loss: 0.3253  avg_val_loss: 0.3251  time: 2844s
Epoch 12 - Score: 0.5004
Epoch 12 - Save Best Loss: 0.3251 Model
Epoch 13 - avg_train_loss: 0.3255  avg_val_loss: 0.3252  time: 2841s
Epoch 13 - Score: 0.5023
Epoch 14 - avg_train_loss: 0.3256  avg_val_loss: 0.3251  time: 2837s
Epoch 14 - Score: 0.5091
Epoch 15 - avg_train_loss: 0.3255  avg_val_loss: 0.3251  time: 2839s
Epoch 15 - Score: 0.5089
Epoch 16 - avg_train_loss: 0.3254  avg_val_loss: 0.3256  time: 2840s
Epoch 16 - Score: 0.5062
========== fold: 2 training ==========
Epoch 1 - avg_train_loss: 0.2571  avg_val_loss: 0.2085  time: 2843s
Epoch 1 - Score: 0.8264
Epoch 1 - Save Best Score: 0.8264 Model
Epoch 1 - Save Best Loss: 0.2085 Model
Epoch 2 - avg_train_loss: 0.2010  avg_val_loss: 0.1936  time: 2845s
Epoch 2 - Score: 0.8515
Epoch 2 - Save Best Score: 0.8515 Model
Epoch 2 - Save Best Loss: 0.1936 Model
Epoch 3 - avg_train_loss: 0.1871  avg_val_loss: 0.1972  time: 2836s
Epoch 3 - Score: 0.8495
Epoch 4 - avg_train_loss: 0.1791  avg_val_loss: 0.1888  time: 2834s
Epoch 4 - Score: 0.8557
Epoch 4 - Save Best Score: 0.8557 Model
Epoch 4 - Save Best Loss: 0.1888 Model
Epoch 5 - avg_train_loss: 0.1736  avg_val_loss: 0.2038  time: 2836s
Epoch 5 - Score: 0.8615
Epoch 5 - Save Best Score: 0.8615 Model
Epoch 6 - avg_train_loss: 0.1665  avg_val_loss: 0.1801  time: 2837s
Epoch 6 - Score: 0.8615
Epoch 6 - Save Best Score: 0.8615 Model
Epoch 6 - Save Best Loss: 0.1801 Model
Epoch 7 - avg_train_loss: 0.1617  avg_val_loss: 0.1786  time: 2836s
Epoch 7 - Score: 0.8636
Epoch 7 - Save Best Score: 0.8636 Model
Epoch 7 - Save Best Loss: 0.1786 Model
Epoch 8 - avg_train_loss: 0.1557  avg_val_loss: 0.1756  time: 2834s
Epoch 8 - Score: 0.8667
Epoch 8 - Save Best Score: 0.8667 Model
Epoch 8 - Save Best Loss: 0.1756 Model
Epoch 9 - avg_train_loss: 0.1514  avg_val_loss: 0.1727  time: 2834s
Epoch 9 - Score: 0.8728
Epoch 9 - Save Best Score: 0.8728 Model
Epoch 9 - Save Best Loss: 0.1727 Model
Epoch 10 - avg_train_loss: 0.1469  avg_val_loss: 0.1735  time: 2833s
Epoch 10 - Score: 0.8646
Epoch 11 - avg_train_loss: 0.1426  avg_val_loss: 0.1756  time: 2835s
Epoch 11 - Score: 0.8616
Epoch 12 - avg_train_loss: 0.1374  avg_val_loss: 0.1759  time: 2834s
Epoch 12 - Score: 0.8620
Epoch 13 - avg_train_loss: 0.1344  avg_val_loss: 0.1791  time: 2840s
Epoch 13 - Score: 0.8605
Epoch 14 - avg_train_loss: 0.1301  avg_val_loss: 0.1823  time: 2839s
Epoch 14 - Score: 0.8596
Epoch 15 - avg_train_loss: 0.1249  avg_val_loss: 0.1877  time: 2840s
Epoch 15 - Score: 0.8576
Epoch 16 - avg_train_loss: 0.1197  avg_val_loss: 0.1907  time: 2846s
Epoch 16 - Score: 0.8516
Epoch 17 - avg_train_loss: 0.1179  avg_val_loss: 0.2028  time: 2910s
Epoch 17 - Score: 0.8469
Epoch 18 - avg_train_loss: 0.1119  avg_val_loss: 0.1996  time: 2906s
Epoch 18 - Score: 0.8571
Epoch 19 - avg_train_loss: 0.1081  avg_val_loss: 0.1917  time: 2866s
Epoch 19 - Score: 0.8515
Epoch 20 - avg_train_loss: 0.1028  avg_val_loss: 0.2054  time: 2894s
Epoch 20 - Score: 0.8431
========== fold: 2 result ==========
Score: 0.8728
========== fold: 3 training ==========
Epoch 1 - avg_train_loss: 0.2602  avg_val_loss: 0.2027  time: 2907s
Epoch 1 - Score: 0.8271
Epoch 1 - Save Best Score: 0.8271 Model
Epoch 1 - Save Best Loss: 0.2027 Model
Epoch 2 - avg_train_loss: 0.2062  avg_val_loss: 0.1895  time: 2899s
Epoch 2 - Score: 0.8431
Epoch 2 - Save Best Score: 0.8431 Model
Epoch 2 - Save Best Loss: 0.1895 Model
Epoch 3 - avg_train_loss: 0.1912  avg_val_loss: 0.1741  time: 2885s
Epoch 3 - Score: 0.8550
Epoch 3 - Save Best Score: 0.8550 Model
Epoch 3 - Save Best Loss: 0.1741 Model
Epoch 4 - avg_train_loss: 0.1812  avg_val_loss: 0.1720  time: 2876s
Epoch 4 - Score: 0.8605
Epoch 4 - Save Best Score: 0.8605 Model
Epoch 4 - Save Best Loss: 0.1720 Model
Epoch 5 - avg_train_loss: 0.1754  avg_val_loss: 0.1693  time: 2867s
Epoch 5 - Score: 0.8603
Epoch 5 - Save Best Loss: 0.1693 Model
Epoch 6 - avg_train_loss: 0.1699  avg_val_loss: 0.1698  time: 2922s
Epoch 6 - Score: 0.8580
Epoch 7 - avg_train_loss: 0.1633  avg_val_loss: 0.1699  time: 2896s
Epoch 7 - Score: 0.8598
Epoch 8 - avg_train_loss: 0.1583  avg_val_loss: 0.1754  time: 2883s
Epoch 8 - Score: 0.8602
Epoch 9 - avg_train_loss: 0.1527  avg_val_loss: 0.1709  time: 2857s
Epoch 9 - Score: 0.8653
Epoch 9 - Save Best Score: 0.8653 Model
Epoch 10 - avg_train_loss: 0.1481  avg_val_loss: 0.1737  time: 2884s
Epoch 10 - Score: 0.8592
Epoch 11 - avg_train_loss: 0.1446  avg_val_loss: 0.1738  time: 2900s
Epoch 11 - Score: 0.8622
Epoch 12 - avg_train_loss: 0.1398  avg_val_loss: 0.1819  time: 2874s
Epoch 12 - Score: 0.8574
Epoch 13 - avg_train_loss: 0.1352  avg_val_loss: 0.1808  time: 2840s
Epoch 13 - Score: 0.8555
Epoch 14 - avg_train_loss: 0.1298  avg_val_loss: 0.1806  time: 2838s
Epoch 14 - Score: 0.8541
Epoch 15 - avg_train_loss: 0.1258  avg_val_loss: 0.1951  time: 2836s
Epoch 15 - Score: 0.8507
Epoch 16 - avg_train_loss: 0.1214  avg_val_loss: 0.1990  time: 2838s
Epoch 16 - Score: 0.8470
Epoch 17 - avg_train_loss: 0.1183  avg_val_loss: 0.2013  time: 2836s
Epoch 17 - Score: 0.8470
Epoch 18 - avg_train_loss: 0.1090  avg_val_loss: 0.2032  time: 2835s
Epoch 18 - Score: 0.8478
Epoch 19 - avg_train_loss: 0.1056  avg_val_loss: 0.2183  time: 2844s
Epoch 19 - Score: 0.8382
Epoch 20 - avg_train_loss: 0.1033  avg_val_loss: 0.2167  time: 2840s
Epoch 20 - Score: 0.8421
========== fold: 3 result ==========
Score: 0.8603
========== CV ==========
Score: 0.8657
